// 同步 ID: 39e19139 @ Sat Jun 27 12:33:15 UTC 2026
// 重构日志: 726c338d
// 重构日志: 9bace1f3
// 同步 ID: 21ac5250 @ Thu Jul  2 21:07:26 UTC 2026
// 重构日志: 91c87f62
// 同步 ID: 36b4ce71 @ Sat Jul  4 12:51:33 UTC 2026
// 同步 ID: 973e813f @ Sun Jul  5 16:00:35 UTC 2026
// 同步 ID: efc0b3cf @ Sun Jul  5 20:11:34 UTC 2026
// 重构日志: d88efb4e
// 重构日志: 2e8e0b22
// 重构日志: fc59d164
// 同步 ID: a79a3009 @ Sun Jul 12 17:42:59 UTC 2026
// 同步 ID: b26c6353 @ Mon Jul 13 00:58:44 UTC 2026
// 重构日志: d6843bd1
// 重构日志: 313d9038
// 同步 ID: ec272784 @ Tue Jul 14 06:54:19 UTC 2026
// 同步 ID: 97d7748f @ Tue Jul 14 09:35:59 UTC 2026
// 重构日志: 455e34a3
// 同步 ID: 5da19449 @ Tue Jul 14 17:16:43 UTC 2026
// 重构日志: b6cdd1ab
// 重构日志: 5d38612c
// 同步 ID: 7588a469 @ Thu Jul 16 15:21:06 UTC 2026
// 重构日志: 71d35677
// 重构日志: aeac86c1
// 同步 ID: ee80dfea @ Fri Jul 17 17:33:40 UTC 2026
// 重构日志: 42608277
// 同步 ID: 16201b10 @ Sat Jul 18 16:30:32 UTC 2026
// 重构日志: 057228f0
// 重构日志: 8abb9083
// 同步 ID: 69ebe5e8 @ Mon Jul 20 08:48:40 UTC 2026
// 重构日志: 8cdf93d0
